<?xml version="1.0" encoding="UTF-8"?>
<!-- Generated by org.testng.reporters.JUnitXMLReporter -->
<testsuite ignored="2" hostname="mohal" failures="1" tests="1" name="Test" time="1.913" errors="0" timestamp="2023-08-26T00:35:13 IST">
  <testcase classname="com.inetbanking.testCases.TC_001_LoginPage" name="loginTest" time="0.251">
    <failure type="java.lang.NullPointerException" message="Cannot invoke &amp;quot;org.openqa.selenium.SearchContext.findElement(org.openqa.selenium.By)&amp;quot; because &amp;quot;this.searchContext&amp;quot; is null">
      <![CDATA[java.lang.NullPointerException: Cannot invoke "org.openqa.selenium.SearchContext.findElement(org.openqa.selenium.By)" because "this.searchContext" is null
at org.openqa.selenium.support.pagefactory.DefaultElementLocator.findElement(DefaultElementLocator.java:70)
at org.openqa.selenium.support.pagefactory.internal.LocatingElementHandler.invoke(LocatingElementHandler.java:39)
at com.sun.proxy.$Proxy13.sendKeys(Unknown Source)
at com.inetbanking.pageObjects.Loginpage.setUsername(Loginpage.java:37)
at com.inetbanking.testCases.TC_001_LoginPage.loginTest(TC_001_LoginPage.java:20)
at java.base/java.util.ArrayList.forEach(ArrayList.java:1511)
... Removed 31 stack frames]]>
    </failure>
  </testcase> <!-- loginTest -->
  <testcase classname="com.inetbanking.testCases.TC_002_LoginDDT" name="loginDDT" time="0.0">
    <ignored/>
  </testcase> <!-- loginDDT -->
  <testcase classname="com.inetbanking.testCases.TC_003_AddCustomer" name="AddNewCustomer" time="0.0">
    <ignored/>
  </testcase> <!-- AddNewCustomer -->
</testsuite> <!-- Test -->
