<?xml version="1.0" encoding="UTF-8"?>
<testng-results ignored="0" total="1" passed="1" failed="0" skipped="0">
  <reporter-output>
  </reporter-output>
  <suite started-at="2023-09-03T11:46:23 IST" name="InetBankingV1" finished-at="2023-09-03T11:47:01 IST" duration-ms="38483">
    <groups>
    </groups>
    <test started-at="2023-09-03T11:46:23 IST" name="BankingApp Test" finished-at="2023-09-03T11:47:01 IST" duration-ms="38483">
      <class name="com.inetbanking.testCases.TC_LoginPage_001">
        <test-method is-config="true" signature="setup(java.lang.String)[pri:0, instance:com.inetbanking.testCases.TC_LoginPage_001@795509d9]" started-at="2023-09-03T11:46:23 IST" name="setup" finished-at="2023-09-03T11:46:58 IST" duration-ms="34983" status="PASS">
          <params>
            <param index="0">
              <value>
                <![CDATA[chrome]]>
              </value>
            </param>
          </params>
          <reporter-output>
          </reporter-output>
        </test-method> <!-- setup -->
        <test-method signature="loginTest()[pri:0, instance:com.inetbanking.testCases.TC_LoginPage_001@795509d9]" started-at="2023-09-03T11:46:58 IST" name="loginTest" finished-at="2023-09-03T11:47:00 IST" duration-ms="2371" status="PASS">
          <reporter-output>
          </reporter-output>
        </test-method> <!-- loginTest -->
        <test-method is-config="true" signature="tearDown()[pri:0, instance:com.inetbanking.testCases.TC_LoginPage_001@795509d9]" started-at="2023-09-03T11:47:00 IST" name="tearDown" finished-at="2023-09-03T11:47:01 IST" duration-ms="778" status="PASS">
          <reporter-output>
          </reporter-output>
        </test-method> <!-- tearDown -->
      </class> <!-- com.inetbanking.testCases.TC_LoginPage_001 -->
    </test> <!-- BankingApp Test -->
  </suite> <!-- InetBankingV1 -->
</testng-results>
