<?xml version="1.0" encoding="UTF-8"?>
<testng-results skipped="0" failed="0" ignored="0" total="1" passed="1">
  <reporter-output>
  </reporter-output>
  <suite name="InetBankingV1" duration-ms="13863" started-at="2021-05-11T18:40:43 IST" finished-at="2021-05-11T18:40:57 IST">
    <groups>
    </groups>
    <test name="BankingApp Test" duration-ms="13863" started-at="2021-05-11T18:40:43 IST" finished-at="2021-05-11T18:40:57 IST">
      <class name="com.inetbanking.testCases.TC_LoginPage_001">
        <test-method status="PASS" signature="setup(java.lang.String)[pri:0, instance:com.inetbanking.testCases.TC_LoginPage_001@63440df3]" name="setup" is-config="true" duration-ms="8197" started-at="2021-05-11T18:40:43 IST" finished-at="2021-05-11T18:40:51 IST">
          <params>
            <param index="0">
              <value>
                <![CDATA[chrome]]>
              </value>
            </param>
          </params>
          <reporter-output>
          </reporter-output>
        </test-method> <!-- setup -->
        <test-method status="PASS" signature="loginTest()[pri:0, instance:com.inetbanking.testCases.TC_LoginPage_001@63440df3]" name="loginTest" duration-ms="4645" started-at="2021-05-11T18:40:51 IST" finished-at="2021-05-11T18:40:56 IST">
          <reporter-output>
          </reporter-output>
        </test-method> <!-- loginTest -->
        <test-method status="PASS" signature="tearDown()[pri:0, instance:com.inetbanking.testCases.TC_LoginPage_001@63440df3]" name="tearDown" is-config="true" duration-ms="732" started-at="2021-05-11T18:40:56 IST" finished-at="2021-05-11T18:40:57 IST">
          <reporter-output>
          </reporter-output>
        </test-method> <!-- tearDown -->
      </class> <!-- com.inetbanking.testCases.TC_LoginPage_001 -->
    </test> <!-- BankingApp Test -->
  </suite> <!-- InetBankingV1 -->
</testng-results>
