<?xml version="1.0" encoding="UTF-8"?>
<testsuite xmlns:xsi="http://www.w3.org/2001/XMLSchema-instance" xsi:noNamespaceSchemaLocation="https://maven.apache.org/surefire/maven-surefire-plugin/xsd/surefire-test-report-3.0.xsd" version="3.0" name="TestSuite" time="39.707" tests="1" errors="0" skipped="0" failures="0">
  <properties>
[...]
</properties>
  <testcase name="loginTest" classname="com.inetbanking.testCases.TC_LoginPage_001" time="2.405">
    <system-out><![CDATA[ INFO [main] (BaseClass.java:69)- ***  URL is Opened  ***
 INFO [main] (TC_LoginPage_001.java:21)- ***  Entered Username  ***
 INFO [main] (TC_LoginPage_001.java:24)- ***  Enterd Password  ***
 INFO [main] (TC_LoginPage_001.java:33)- ***  Login test passed  ***
 INFO [main] (TC_LoginPage_001.java:35)- ***  Clicked Logout  ***
You Have Succesfully Logged Out!!
]]></system-out>
    <system-err><![CDATA[SLF4J: Failed to load class "org.slf4j.impl.StaticLoggerBinder".
SLF4J: Defaulting to no-operation (NOP) logger implementation
SLF4J: See http://www.slf4j.org/codes.html#StaticLoggerBinder for further details.
Sep 03, 2023 11:46:23 AM org.openqa.selenium.remote.service.DriverService$Builder getLogOutput
INFO: Driver logs no longer sent to console by default; https://www.selenium.dev/documentation/webdriver/drivers/service/#setting-log-output
Sep 03, 2023 11:46:26 AM org.openqa.selenium.devtools.CdpVersionFinder findNearestMatch
WARNING: Unable to find an exact match for CDP version 116, so returning the closest version found: 114
]]></system-err>
  </testcase>
</testsuite>