<?xml version="1.0" encoding="UTF-8"?>
<testng-results ignored="0" total="1" passed="1" failed="0" skipped="0">
  <reporter-output>
  </reporter-output>
  <suite started-at="2021-05-11T18:37:27 IST" name="InetBankingV1" finished-at="2021-05-11T18:37:37 IST" duration-ms="10223">
    <groups>
    </groups>
    <test started-at="2021-05-11T18:37:27 IST" name="BankingApp Test" finished-at="2021-05-11T18:37:37 IST" duration-ms="10223">
      <class name="com.inetbanking.testCases.TC_LoginPage_001">
        <test-method is-config="true" signature="setup(java.lang.String)[pri:0, instance:com.inetbanking.testCases.TC_LoginPage_001@2cf3d63b]" started-at="2021-05-11T18:37:27 IST" name="setup" finished-at="2021-05-11T18:37:33 IST" duration-ms="6739" status="PASS">
          <params>
            <param index="0">
              <value>
                <![CDATA[chrome]]>
              </value>
            </param>
          </params>
          <reporter-output>
          </reporter-output>
        </test-method> <!-- setup -->
        <test-method signature="loginTest()[pri:0, instance:com.inetbanking.testCases.TC_LoginPage_001@2cf3d63b]" started-at="2021-05-11T18:37:33 IST" name="loginTest" finished-at="2021-05-11T18:37:36 IST" duration-ms="2495" status="PASS">
          <reporter-output>
          </reporter-output>
        </test-method> <!-- loginTest -->
        <test-method is-config="true" signature="tearDown()[pri:0, instance:com.inetbanking.testCases.TC_LoginPage_001@2cf3d63b]" started-at="2021-05-11T18:37:36 IST" name="tearDown" finished-at="2021-05-11T18:37:37 IST" duration-ms="701" status="PASS">
          <reporter-output>
          </reporter-output>
        </test-method> <!-- tearDown -->
      </class> <!-- com.inetbanking.testCases.TC_LoginPage_001 -->
    </test> <!-- BankingApp Test -->
  </suite> <!-- InetBankingV1 -->
</testng-results>
